This is pdfTeX, Version 3.141592653-2.6-1.40.25 (TeX Live 2023) (preloaded format=pdflatex 2023.5.4)  5 MAY 2023 15:43
entering extended mode
 restricted \write18 enabled.
 file:line:error style messages enabled.
 %&-line parsing enabled.
**"c:/Users/Zacha/Documents/Leviathan Reach/Leviathan-Reach-LaTeX/main.tex"
(c:/Users/Zacha/Documents/Leviathan Reach/Leviathan-Reach-LaTeX/main.tex
LaTeX2e <2022-11-01> patch level 1
L3 programming layer <2023-04-20> (c:/texlive/2023/texmf-dist/tex/latex/base/book.cls
Document Class: book 2022/07/02 v1.4n Standard LaTeX document class
(c:/texlive/2023/texmf-dist/tex/latex/base/bk10.clo
File: bk10.clo 2022/07/02 v1.4n Standard LaTeX file (size option)
)
\c@part=\count185
\c@chapter=\count186
\c@section=\count187
\c@subsection=\count188
\c@subsubsection=\count189
\c@paragraph=\count190
\c@subparagraph=\count191
\c@figure=\count192
\c@table=\count193
\abovecaptionskip=\skip48
\belowcaptionskip=\skip49
\bibindent=\dimen140
) (c:/texlive/2023/texmf-dist/tex/latex/graphics/graphics.sty
Package: graphics 2022/03/10 v1.4e Standard LaTeX Graphics (DPC,SPQR)
 (c:/texlive/2023/texmf-dist/tex/latex/graphics/trig.sty
Package: trig 2021/08/11 v1.11 sin cos tan (DPC)
) (c:/texlive/2023/texmf-dist/tex/latex/graphics-cfg/graphics.cfg
File: graphics.cfg 2016/06/04 v1.11 sample graphics configuration
)
Package graphics Info: Driver file: pdftex.def on input line 107.
 (c:/texlive/2023/texmf-dist/tex/latex/graphics-def/pdftex.def
File: pdftex.def 2022/09/22 v1.2b Graphics/color driver for pdftex
)) (c:/texlive/2023/texmf-dist/tex/latex/graphics/graphicx.sty
Package: graphicx 2021/09/16 v1.2d Enhanced LaTeX Graphics (DPC,SPQR)
 (c:/texlive/2023/texmf-dist/tex/latex/graphics/keyval.sty
Package: keyval 2022/05/29 v1.15 key=value parser (DPC)
\KV@toks@=\toks16
)
\Gin@req@height=\dimen141
\Gin@req@width=\dimen142
) (c:/texlive/2023/texmf-dist/tex/latex/caption/caption.sty
Package: caption 2023/03/12 v3.6j Customizing captions (AR)
 (c:/texlive/2023/texmf-dist/tex/latex/caption/caption3.sty
Package: caption3 2023/03/12 v2.4 caption3 kernel (AR)
\caption@tempdima=\dimen143
\captionmargin=\dimen144
\caption@leftmargin=\dimen145
\caption@rightmargin=\dimen146
\caption@width=\dimen147
\caption@indent=\dimen148
\caption@parindent=\dimen149
\caption@hangindent=\dimen150
Package caption Info: Standard document class detected.
)
\c@caption@flags=\count194
\c@continuedfloat=\count195
) (c:/texlive/2023/texmf-dist/tex/latex/geometry/geometry.sty
Package: geometry 2020/01/02 v5.9 Page Geometry
 (c:/texlive/2023/texmf-dist/tex/generic/iftex/ifvtex.sty
Package: ifvtex 2019/10/25 v1.7 ifvtex legacy package. Use iftex instead.
 (c:/texlive/2023/texmf-dist/tex/generic/iftex/iftex.sty
Package: iftex 2022/02/03 v1.0f TeX engine tests
))
\Gm@cnth=\count196
\Gm@cntv=\count197
\c@Gm@tempcnt=\count198
\Gm@bindingoffset=\dimen151
\Gm@wd@mp=\dimen152
\Gm@odd@mp=\dimen153
\Gm@even@mp=\dimen154
\Gm@layoutwidth=\dimen155
\Gm@layoutheight=\dimen156
\Gm@layouthoffset=\dimen157
\Gm@layoutvoffset=\dimen158
\Gm@dimlist=\toks17
) (c:/texlive/2023/texmf-dist/tex/latex/wrapfig/wrapfig.sty
\wrapoverhang=\dimen159
\WF@size=\dimen160
\c@WF@wrappedlines=\count199
\WF@box=\box51
\WF@everypar=\toks18
Package: wrapfig 2003/01/31  v 3.6
) (c:/texlive/2023/texmf-dist/tex/latex/hyperref/hyperref.sty
Package: hyperref 2023-04-22 v7.00x Hypertext links for LaTeX
 (c:/texlive/2023/texmf-dist/tex/generic/ltxcmds/ltxcmds.sty
Package: ltxcmds 2020-05-10 v1.25 LaTeX kernel commands for general use (HO)
) (c:/texlive/2023/texmf-dist/tex/generic/pdftexcmds/pdftexcmds.sty
Package: pdftexcmds 2020-06-27 v0.33 Utility functions of pdfTeX for LuaTeX (HO)
 (c:/texlive/2023/texmf-dist/tex/generic/infwarerr/infwarerr.sty
Package: infwarerr 2019/12/03 v1.5 Providing info/warning/error messages (HO)
)
Package pdftexcmds Info: \pdf@primitive is available.
Package pdftexcmds Info: \pdf@ifprimitive is available.
Package pdftexcmds Info: \pdfdraftmode found.
) (c:/texlive/2023/texmf-dist/tex/latex/kvsetkeys/kvsetkeys.sty
Package: kvsetkeys 2022-10-05 v1.19 Key value parser (HO)
) (c:/texlive/2023/texmf-dist/tex/generic/kvdefinekeys/kvdefinekeys.sty
Package: kvdefinekeys 2019-12-19 v1.6 Define keys (HO)
) (c:/texlive/2023/texmf-dist/tex/generic/pdfescape/pdfescape.sty
Package: pdfescape 2019/12/09 v1.15 Implements pdfTeX's escape features (HO)
) (c:/texlive/2023/texmf-dist/tex/latex/hycolor/hycolor.sty
Package: hycolor 2020-01-27 v1.10 Color options for hyperref/bookmark (HO)
) (c:/texlive/2023/texmf-dist/tex/latex/letltxmacro/letltxmacro.sty
Package: letltxmacro 2019/12/03 v1.6 Let assignment for LaTeX macros (HO)
) (c:/texlive/2023/texmf-dist/tex/latex/auxhook/auxhook.sty
Package: auxhook 2019-12-17 v1.6 Hooks for auxiliary files (HO)
) (c:/texlive/2023/texmf-dist/tex/latex/hyperref/nameref.sty
Package: nameref 2022-05-17 v2.50 Cross-referencing by name of section
 (c:/texlive/2023/texmf-dist/tex/latex/refcount/refcount.sty
Package: refcount 2019/12/15 v3.6 Data extraction from label references (HO)
) (c:/texlive/2023/texmf-dist/tex/generic/gettitlestring/gettitlestring.sty
Package: gettitlestring 2019/12/15 v1.6 Cleanup title references (HO)
 (c:/texlive/2023/texmf-dist/tex/latex/kvoptions/kvoptions.sty
Package: kvoptions 2022-06-15 v3.15 Key value format for package options (HO)
))
\c@section@level=\count266
) (c:/texlive/2023/texmf-dist/tex/latex/etoolbox/etoolbox.sty
Package: etoolbox 2020/10/05 v2.5k e-TeX tools for LaTeX (JAW)
\etb@tempcnta=\count267
)
\@linkdim=\dimen161
\Hy@linkcounter=\count268
\Hy@pagecounter=\count269
 (c:/texlive/2023/texmf-dist/tex/latex/hyperref/pd1enc.def
File: pd1enc.def 2023-04-22 v7.00x Hyperref: PDFDocEncoding definition (HO)
Now handling font encoding PD1 ...
... no UTF-8 mapping file for font encoding PD1
) (c:/texlive/2023/texmf-dist/tex/generic/intcalc/intcalc.sty
Package: intcalc 2019/12/15 v1.3 Expandable calculations with integers (HO)
)
\Hy@SavedSpaceFactor=\count270
 (c:/texlive/2023/texmf-dist/tex/latex/hyperref/puenc.def
File: puenc.def 2023-04-22 v7.00x Hyperref: PDF Unicode definition (HO)
Now handling font encoding PU ...
... no UTF-8 mapping file for font encoding PU
)
Package hyperref Info: Hyper figures OFF on input line 4182.
Package hyperref Info: Link nesting OFF on input line 4187.
Package hyperref Info: Hyper index ON on input line 4190.
Package hyperref Info: Plain pages OFF on input line 4197.
Package hyperref Info: Backreferencing OFF on input line 4202.
Package hyperref Info: Implicit mode ON; LaTeX internals redefined.
Package hyperref Info: Bookmarks ON on input line 4449.
\c@Hy@tempcnt=\count271
 (c:/texlive/2023/texmf-dist/tex/latex/url/url.sty
\Urlmuskip=\muskip16
Package: url 2013/09/16  ver 3.4  Verb mode for urls, etc.
)
LaTeX Info: Redefining \url on input line 4787.
\XeTeXLinkMargin=\dimen162
 (c:/texlive/2023/texmf-dist/tex/generic/bitset/bitset.sty
Package: bitset 2019/12/09 v1.3 Handle bit-vector datatype (HO)
 (c:/texlive/2023/texmf-dist/tex/generic/bigintcalc/bigintcalc.sty
Package: bigintcalc 2019/12/15 v1.5 Expandable calculations on big integers (HO)
))
\Fld@menulength=\count272
\Field@Width=\dimen163
\Fld@charsize=\dimen164
Package hyperref Info: Hyper figures OFF on input line 6066.
Package hyperref Info: Link nesting OFF on input line 6071.
Package hyperref Info: Hyper index ON on input line 6074.
Package hyperref Info: backreferencing OFF on input line 6081.
Package hyperref Info: Link coloring OFF on input line 6086.
Package hyperref Info: Link coloring with OCG OFF on input line 6091.
Package hyperref Info: PDF/A mode OFF on input line 6096.
 (c:/texlive/2023/texmf-dist/tex/latex/base/atbegshi-ltx.sty
Package: atbegshi-ltx 2021/01/10 v1.0c Emulation of the original atbegshi
package with kernel methods
)
\Hy@abspage=\count273
\c@Item=\count274
\c@Hfootnote=\count275
)
Package hyperref Info: Driver (autodetected): hpdftex.
 (c:/texlive/2023/texmf-dist/tex/latex/hyperref/hpdftex.def
File: hpdftex.def 2023-04-22 v7.00x Hyperref driver for pdfTeX
 (c:/texlive/2023/texmf-dist/tex/latex/base/atveryend-ltx.sty
Package: atveryend-ltx 2020/08/19 v1.0a Emulation of the original atveryend package
with kernel methods
)
\Fld@listcount=\count276
\c@bookmark@seq@number=\count277
 (c:/texlive/2023/texmf-dist/tex/latex/rerunfilecheck/rerunfilecheck.sty
Package: rerunfilecheck 2022-07-10 v1.10 Rerun checks for auxiliary files (HO)
 (c:/texlive/2023/texmf-dist/tex/generic/uniquecounter/uniquecounter.sty
Package: uniquecounter 2019/12/15 v1.4 Provide unlimited unique counter (HO)
)
Package uniquecounter Info: New unique counter `rerunfilecheck' on input line 285.
)
\Hy@SectionHShift=\skip50
) (c:/texlive/2023/texmf-dist/tex/latex/lineno/lineno.sty
Package: lineno 2023/01/19 line numbers on paragraphs v5.1
\linenopenalty=\count278
\output=\toks19
\linenoprevgraf=\count279
\linenumbersep=\dimen165
\linenumberwidth=\dimen166
\c@linenumber=\count280
\c@pagewiselinenumber=\count281
\c@LN@truepage=\count282
\c@internallinenumber=\count283
\c@internallinenumbers=\count284
\quotelinenumbersep=\dimen167
\bframerule=\dimen168
\bframesep=\dimen169
\bframebox=\box52
LaTeX Info: Redefining \\ on input line 3131.
) (c:/texlive/2023/texmf-dist/tex/latex/hyphenat/hyphenat.sty
Package: hyphenat 2009/09/02 v2.3c hyphenation utilities
\langwohyphens=\language87
LaTeX Info: Redefining \_ on input line 43.
) (c:/texlive/2023/texmf-dist/tex/generic/babel/babel.sty
Package: babel 2023/04/18 3.88 The Babel package
\babel@savecnt=\count285
\U@D=\dimen170
\l@unhyphenated=\language88
 (c:/texlive/2023/texmf-dist/tex/generic/babel/txtbabel.def)
\bbl@readstream=\read2
\bbl@dirlevel=\count286
 (c:/texlive/2023/texmf-dist/tex/generic/babel-english/english.ldf
Language: english 2017/06/06 v3.3r English support from the babel system
Package babel Info: Hyphen rules for 'canadian' set to \l@english
(babel)             (\language0). Reported on input line 102.
Package babel Info: Hyphen rules for 'australian' set to \l@ukenglish
(babel)             (\language21). Reported on input line 105.
Package babel Info: Hyphen rules for 'newzealand' set to \l@ukenglish
(babel)             (\language21). Reported on input line 108.
)) (c:/texlive/2023/texmf-dist/tex/generic/babel/locale/en/babel-english.tex
Package babel Info: Importing font and identification data for english
(babel)             from babel-en.ini. Reported on input line 11.
) (c:/texlive/2023/texmf-dist/tex/latex/float/float.sty
Package: float 2001/11/08 v1.3d Float enhancements (AL)
\c@float@type=\count287
\float@exts=\toks20
\float@box=\box53
\@float@everytoks=\toks21
\@floatcapt=\box54
) (c:/texlive/2023/texmf-dist/tex/latex/tools/multicol.sty
Package: multicol 2021/11/30 v1.9d multicolumn formatting (FMi)
\c@tracingmulticols=\count288
\mult@box=\box55
\multicol@leftmargin=\dimen171
\c@unbalance=\count289
\c@collectmore=\count290
\doublecol@number=\count291
\multicoltolerance=\count292
\multicolpretolerance=\count293
\full@width=\dimen172
\page@free=\dimen173
\premulticols=\dimen174
\postmulticols=\dimen175
\multicolsep=\skip51
\multicolbaselineskip=\skip52
\partial@page=\box56
\last@line=\box57
\maxbalancingoverflow=\dimen176
\mult@rightbox=\box58
\mult@grightbox=\box59
\mult@firstbox=\box60
\mult@gfirstbox=\box61
\@tempa=\box62
\@tempa=\box63
\@tempa=\box64
\@tempa=\box65
\@tempa=\box66
\@tempa=\box67
\@tempa=\box68
\@tempa=\box69
\@tempa=\box70
\@tempa=\box71
\@tempa=\box72
\@tempa=\box73
\@tempa=\box74
\@tempa=\box75
\@tempa=\box76
\@tempa=\box77
\@tempa=\box78
\@tempa=\box79
\@tempa=\box80
\@tempa=\box81
\@tempa=\box82
\@tempa=\box83
\@tempa=\box84
\@tempa=\box85
\@tempa=\box86
\@tempa=\box87
\@tempa=\box88
\@tempa=\box89
\@tempa=\box90
\@tempa=\box91
\@tempa=\box92
\@tempa=\box93
\@tempa=\box94
\@tempa=\box95
\@tempa=\box96
\@tempa=\box97
\c@minrows=\count294
\c@columnbadness=\count295
\c@finalcolumnbadness=\count296
\last@try=\dimen177
\multicolovershoot=\dimen178
\multicolundershoot=\dimen179
\mult@nat@firstbox=\box98
\colbreak@box=\box99
\mc@col@check@num=\count297
) (c:/texlive/2023/texmf-dist/tex/latex/xcolor/xcolor.sty
Package: xcolor 2022/06/12 v2.14 LaTeX color extensions (UK)
 (c:/texlive/2023/texmf-dist/tex/latex/graphics-cfg/color.cfg
File: color.cfg 2016/01/02 v1.6 sample color configuration
)
Package xcolor Info: Driver file: pdftex.def on input line 227.
 (c:/texlive/2023/texmf-dist/tex/latex/colortbl/colortbl.sty
Package: colortbl 2022/06/20 v1.0f Color table columns (DPC)
 (c:/texlive/2023/texmf-dist/tex/latex/tools/array.sty
Package: array 2022/09/04 v2.5g Tabular extension package (FMi)
\col@sep=\dimen180
\ar@mcellbox=\box100
\extrarowheight=\dimen181
\NC@list=\toks22
\extratabsurround=\skip53
\backup@length=\skip54
\ar@cellbox=\box101
)
\everycr=\toks23
\minrowclearance=\skip55
\rownum=\count298
) (c:/texlive/2023/texmf-dist/tex/latex/graphics/mathcolor.ltx)
Package xcolor Info: Model `cmy' substituted by `cmy0' on input line 1353.
Package xcolor Info: Model `hsb' substituted by `rgb' on input line 1357.
Package xcolor Info: Model `RGB' extended on input line 1369.
Package xcolor Info: Model `HTML' substituted by `rgb' on input line 1371.
Package xcolor Info: Model `Hsb' substituted by `hsb' on input line 1372.
Package xcolor Info: Model `tHsb' substituted by `hsb' on input line 1373.
Package xcolor Info: Model `HSB' substituted by `hsb' on input line 1374.
Package xcolor Info: Model `Gray' substituted by `gray' on input line 1375.
Package xcolor Info: Model `wave' substituted by `hsb' on input line 1376.
 (c:/texlive/2023/texmf-dist/tex/latex/graphics/dvipsnam.def
File: dvipsnam.def 2016/06/17 v3.0m Driver-dependent file (DPC,SPQR)
)) (c:/texlive/2023/texmf-dist/tex/latex/base/textcomp.sty
Package: textcomp 2020/02/02 v2.0n Standard LaTeX package
) (c:/texlive/2023/texmf-dist/tex/latex/gensymb/gensymb.sty
Package: gensymb 2022/10/17 v1.0.2 (KJH)
) (c:/texlive/2023/texmf-dist/tex/latex/hanging/hanging.sty
Package: hanging 2009/09/02 v1.2b hanging paragraphs and punctuation
\h@ngcommawd=\skip56
\h@ngfstopwd=\skip57
\h@ngquotewd=\skip58
\h@ngdquotewd=\skip59
\h@ngquerywd=\skip60
\h@ngexclwd=\skip61
\h@ngcolonwd=\skip62
\h@ngscolonwd=\skip63
) (c:/texlive/2023/texmf-dist/tex/latex/mdframed/mdframed.sty
Package: mdframed 2013/07/01 1.9b: mdframed
 (c:/texlive/2023/texmf-dist/tex/latex/l3packages/xparse/xparse.sty (c:/texlive/2023/texmf-dist/tex/latex/l3kernel/expl3.sty
Package: expl3 2023-04-20 L3 programming layer (loader) 
 (c:/texlive/2023/texmf-dist/tex/latex/l3backend/l3backend-pdftex.def
File: l3backend-pdftex.def 2023-04-19 L3 backend support: PDF output (pdfTeX)
\l__color_backend_stack_int=\count299
\l__pdf_internal_box=\box102
))
Package: xparse 2023-02-02 L3 Experimental document command parser
) (c:/texlive/2023/texmf-dist/tex/latex/zref/zref-abspage.sty
Package: zref-abspage 2022-04-07 v2.34 Module abspage for zref (HO)
 (c:/texlive/2023/texmf-dist/tex/latex/zref/zref-base.sty
Package: zref-base 2022-04-07 v2.34 Module base for zref (HO)
 (c:/texlive/2023/texmf-dist/tex/generic/etexcmds/etexcmds.sty
Package: etexcmds 2019/12/15 v1.7 Avoid name clashes with e-TeX commands (HO)
)
Package zref Info: New property list: main on input line 767.
Package zref Info: New property: default on input line 768.
Package zref Info: New property: page on input line 769.
)
\c@abspage=\count300
Package zref Info: New property: abspage on input line 65.
) (c:/texlive/2023/texmf-dist/tex/latex/needspace/needspace.sty
Package: needspace 2010/09/12 v1.3d reserve vertical space
)
\mdf@templength=\skip64
\c@mdf@globalstyle@cnt=\count301
\mdf@skipabove@length=\skip65
\mdf@skipbelow@length=\skip66
\mdf@leftmargin@length=\skip67
\mdf@rightmargin@length=\skip68
\mdf@innerleftmargin@length=\skip69
\mdf@innerrightmargin@length=\skip70
\mdf@innertopmargin@length=\skip71
\mdf@innerbottommargin@length=\skip72
\mdf@splittopskip@length=\skip73
\mdf@splitbottomskip@length=\skip74
\mdf@outermargin@length=\skip75
\mdf@innermargin@length=\skip76
\mdf@linewidth@length=\skip77
\mdf@innerlinewidth@length=\skip78
\mdf@middlelinewidth@length=\skip79
\mdf@outerlinewidth@length=\skip80
\mdf@roundcorner@length=\skip81
\mdf@footenotedistance@length=\skip82
\mdf@userdefinedwidth@length=\skip83
\mdf@needspace@length=\skip84
\mdf@frametitleaboveskip@length=\skip85
\mdf@frametitlebelowskip@length=\skip86
\mdf@frametitlerulewidth@length=\skip87
\mdf@frametitleleftmargin@length=\skip88
\mdf@frametitlerightmargin@length=\skip89
\mdf@shadowsize@length=\skip90
\mdf@extratopheight@length=\skip91
\mdf@subtitleabovelinewidth@length=\skip92
\mdf@subtitlebelowlinewidth@length=\skip93
\mdf@subtitleaboveskip@length=\skip94
\mdf@subtitlebelowskip@length=\skip95
\mdf@subtitleinneraboveskip@length=\skip96
\mdf@subtitleinnerbelowskip@length=\skip97
\mdf@subsubtitleabovelinewidth@length=\skip98
\mdf@subsubtitlebelowlinewidth@length=\skip99
\mdf@subsubtitleaboveskip@length=\skip100
\mdf@subsubtitlebelowskip@length=\skip101
\mdf@subsubtitleinneraboveskip@length=\skip102
\mdf@subsubtitleinnerbelowskip@length=\skip103
 (c:/texlive/2023/texmf-dist/tex/latex/pgf/frontendlayer/tikz.sty (c:/texlive/2023/texmf-dist/tex/latex/pgf/basiclayer/pgf.sty (c:/texlive/2023/texmf-dist/tex/latex/pgf/utilities/pgfrcs.sty (c:/texlive/2023/texmf-dist/tex/generic/pgf/utilities/pgfutil-common.tex
\pgfutil@everybye=\toks24
\pgfutil@tempdima=\dimen182
\pgfutil@tempdimb=\dimen183
) (c:/texlive/2023/texmf-dist/tex/generic/pgf/utilities/pgfutil-latex.def
\pgfutil@abb=\box103
) (c:/texlive/2023/texmf-dist/tex/generic/pgf/utilities/pgfrcs.code.tex (c:/texlive/2023/texmf-dist/tex/generic/pgf/pgf.revision.tex)
Package: pgfrcs 2023-01-15 v3.1.10 (3.1.10)
))
Package: pgf 2023-01-15 v3.1.10 (3.1.10)
 (c:/texlive/2023/texmf-dist/tex/latex/pgf/basiclayer/pgfcore.sty (c:/texlive/2023/texmf-dist/tex/latex/pgf/systemlayer/pgfsys.sty (c:/texlive/2023/texmf-dist/tex/generic/pgf/systemlayer/pgfsys.code.tex
Package: pgfsys 2023-01-15 v3.1.10 (3.1.10)
 (c:/texlive/2023/texmf-dist/tex/generic/pgf/utilities/pgfkeys.code.tex
\pgfkeys@pathtoks=\toks25
\pgfkeys@temptoks=\toks26
 (c:/texlive/2023/texmf-dist/tex/generic/pgf/utilities/pgfkeyslibraryfiltered.code.tex
\pgfkeys@tmptoks=\toks27
))
\pgf@x=\dimen184
\pgf@y=\dimen185
\pgf@xa=\dimen186
\pgf@ya=\dimen187
\pgf@xb=\dimen188
\pgf@yb=\dimen189
\pgf@xc=\dimen190
\pgf@yc=\dimen191
\pgf@xd=\dimen192
\pgf@yd=\dimen193
\w@pgf@writea=\write3
\r@pgf@reada=\read3
\c@pgf@counta=\count302
\c@pgf@countb=\count303
\c@pgf@countc=\count304
\c@pgf@countd=\count305
\t@pgf@toka=\toks28
\t@pgf@tokb=\toks29
\t@pgf@tokc=\toks30
\pgf@sys@id@count=\count306
 (c:/texlive/2023/texmf-dist/tex/generic/pgf/systemlayer/pgf.cfg
File: pgf.cfg 2023-01-15 v3.1.10 (3.1.10)
)
Driver file for pgf: pgfsys-pdftex.def
 (c:/texlive/2023/texmf-dist/tex/generic/pgf/systemlayer/pgfsys-pdftex.def
File: pgfsys-pdftex.def 2023-01-15 v3.1.10 (3.1.10)
 (c:/texlive/2023/texmf-dist/tex/generic/pgf/systemlayer/pgfsys-common-pdf.def
File: pgfsys-common-pdf.def 2023-01-15 v3.1.10 (3.1.10)
))) (c:/texlive/2023/texmf-dist/tex/generic/pgf/systemlayer/pgfsyssoftpath.code.tex
File: pgfsyssoftpath.code.tex 2023-01-15 v3.1.10 (3.1.10)
\pgfsyssoftpath@smallbuffer@items=\count307
\pgfsyssoftpath@bigbuffer@items=\count308
) (c:/texlive/2023/texmf-dist/tex/generic/pgf/systemlayer/pgfsysprotocol.code.tex
File: pgfsysprotocol.code.tex 2023-01-15 v3.1.10 (3.1.10)
)) (c:/texlive/2023/texmf-dist/tex/generic/pgf/basiclayer/pgfcore.code.tex
Package: pgfcore 2023-01-15 v3.1.10 (3.1.10)
 (c:/texlive/2023/texmf-dist/tex/generic/pgf/math/pgfmath.code.tex (c:/texlive/2023/texmf-dist/tex/generic/pgf/math/pgfmathutil.code.tex) (c:/texlive/2023/texmf-dist/tex/generic/pgf/math/pgfmathparser.code.tex
\pgfmath@dimen=\dimen194
\pgfmath@count=\count309
\pgfmath@box=\box104
\pgfmath@toks=\toks31
\pgfmath@stack@operand=\toks32
\pgfmath@stack@operation=\toks33
) (c:/texlive/2023/texmf-dist/tex/generic/pgf/math/pgfmathfunctions.code.tex) (c:/texlive/2023/texmf-dist/tex/generic/pgf/math/pgfmathfunctions.basic.code.tex) (c:/texlive/2023/texmf-dist/tex/generic/pgf/math/pgfmathfunctions.trigonometric.code.tex) (c:/texlive/2023/texmf-dist/tex/generic/pgf/math/pgfmathfunctions.random.code.tex) (c:/texlive/2023/texmf-dist/tex/generic/pgf/math/pgfmathfunctions.comparison.code.tex) (c:/texlive/2023/texmf-dist/tex/generic/pgf/math/pgfmathfunctions.base.code.tex) (c:/texlive/2023/texmf-dist/tex/generic/pgf/math/pgfmathfunctions.round.code.tex) (c:/texlive/2023/texmf-dist/tex/generic/pgf/math/pgfmathfunctions.misc.code.tex) (c:/texlive/2023/texmf-dist/tex/generic/pgf/math/pgfmathfunctions.integerarithmetics.code.tex) (c:/texlive/2023/texmf-dist/tex/generic/pgf/math/pgfmathcalc.code.tex) (c:/texlive/2023/texmf-dist/tex/generic/pgf/math/pgfmathfloat.code.tex
\c@pgfmathroundto@lastzeros=\count310
)) (c:/texlive/2023/texmf-dist/tex/generic/pgf/math/pgfint.code.tex) (c:/texlive/2023/texmf-dist/tex/generic/pgf/basiclayer/pgfcorepoints.code.tex
File: pgfcorepoints.code.tex 2023-01-15 v3.1.10 (3.1.10)
\pgf@picminx=\dimen195
\pgf@picmaxx=\dimen196
\pgf@picminy=\dimen197
\pgf@picmaxy=\dimen198
\pgf@pathminx=\dimen199
\pgf@pathmaxx=\dimen256
\pgf@pathminy=\dimen257
\pgf@pathmaxy=\dimen258
\pgf@xx=\dimen259
\pgf@xy=\dimen260
\pgf@yx=\dimen261
\pgf@yy=\dimen262
\pgf@zx=\dimen263
\pgf@zy=\dimen264
) (c:/texlive/2023/texmf-dist/tex/generic/pgf/basiclayer/pgfcorepathconstruct.code.tex
File: pgfcorepathconstruct.code.tex 2023-01-15 v3.1.10 (3.1.10)
\pgf@path@lastx=\dimen265
\pgf@path@lasty=\dimen266
) (c:/texlive/2023/texmf-dist/tex/generic/pgf/basiclayer/pgfcorepathusage.code.tex
File: pgfcorepathusage.code.tex 2023-01-15 v3.1.10 (3.1.10)
\pgf@shorten@end@additional=\dimen267
\pgf@shorten@start@additional=\dimen268
) (c:/texlive/2023/texmf-dist/tex/generic/pgf/basiclayer/pgfcorescopes.code.tex
File: pgfcorescopes.code.tex 2023-01-15 v3.1.10 (3.1.10)
\pgfpic=\box105
\pgf@hbox=\box106
\pgf@layerbox@main=\box107
\pgf@picture@serial@count=\count311
) (c:/texlive/2023/texmf-dist/tex/generic/pgf/basiclayer/pgfcoregraphicstate.code.tex
File: pgfcoregraphicstate.code.tex 2023-01-15 v3.1.10 (3.1.10)
\pgflinewidth=\dimen269
) (c:/texlive/2023/texmf-dist/tex/generic/pgf/basiclayer/pgfcoretransformations.code.tex
File: pgfcoretransformations.code.tex 2023-01-15 v3.1.10 (3.1.10)
\pgf@pt@x=\dimen270
\pgf@pt@y=\dimen271
\pgf@pt@temp=\dimen272
) (c:/texlive/2023/texmf-dist/tex/generic/pgf/basiclayer/pgfcorequick.code.tex
File: pgfcorequick.code.tex 2023-01-15 v3.1.10 (3.1.10)
) (c:/texlive/2023/texmf-dist/tex/generic/pgf/basiclayer/pgfcoreobjects.code.tex
File: pgfcoreobjects.code.tex 2023-01-15 v3.1.10 (3.1.10)
) (c:/texlive/2023/texmf-dist/tex/generic/pgf/basiclayer/pgfcorepathprocessing.code.tex
File: pgfcorepathprocessing.code.tex 2023-01-15 v3.1.10 (3.1.10)
) (c:/texlive/2023/texmf-dist/tex/generic/pgf/basiclayer/pgfcorearrows.code.tex
File: pgfcorearrows.code.tex 2023-01-15 v3.1.10 (3.1.10)
\pgfarrowsep=\dimen273
) (c:/texlive/2023/texmf-dist/tex/generic/pgf/basiclayer/pgfcoreshade.code.tex
File: pgfcoreshade.code.tex 2023-01-15 v3.1.10 (3.1.10)
\pgf@max=\dimen274
\pgf@sys@shading@range@num=\count312
\pgf@shadingcount=\count313
) (c:/texlive/2023/texmf-dist/tex/generic/pgf/basiclayer/pgfcoreimage.code.tex
File: pgfcoreimage.code.tex 2023-01-15 v3.1.10 (3.1.10)
) (c:/texlive/2023/texmf-dist/tex/generic/pgf/basiclayer/pgfcoreexternal.code.tex
File: pgfcoreexternal.code.tex 2023-01-15 v3.1.10 (3.1.10)
\pgfexternal@startupbox=\box108
) (c:/texlive/2023/texmf-dist/tex/generic/pgf/basiclayer/pgfcorelayers.code.tex
File: pgfcorelayers.code.tex 2023-01-15 v3.1.10 (3.1.10)
) (c:/texlive/2023/texmf-dist/tex/generic/pgf/basiclayer/pgfcoretransparency.code.tex
File: pgfcoretransparency.code.tex 2023-01-15 v3.1.10 (3.1.10)
) (c:/texlive/2023/texmf-dist/tex/generic/pgf/basiclayer/pgfcorepatterns.code.tex
File: pgfcorepatterns.code.tex 2023-01-15 v3.1.10 (3.1.10)
) (c:/texlive/2023/texmf-dist/tex/generic/pgf/basiclayer/pgfcorerdf.code.tex
File: pgfcorerdf.code.tex 2023-01-15 v3.1.10 (3.1.10)
))) (c:/texlive/2023/texmf-dist/tex/generic/pgf/modules/pgfmoduleshapes.code.tex
File: pgfmoduleshapes.code.tex 2023-01-15 v3.1.10 (3.1.10)
\pgfnodeparttextbox=\box109
) (c:/texlive/2023/texmf-dist/tex/generic/pgf/modules/pgfmoduleplot.code.tex
File: pgfmoduleplot.code.tex 2023-01-15 v3.1.10 (3.1.10)
) (c:/texlive/2023/texmf-dist/tex/latex/pgf/compatibility/pgfcomp-version-0-65.sty
Package: pgfcomp-version-0-65 2023-01-15 v3.1.10 (3.1.10)
\pgf@nodesepstart=\dimen275
\pgf@nodesepend=\dimen276
) (c:/texlive/2023/texmf-dist/tex/latex/pgf/compatibility/pgfcomp-version-1-18.sty
Package: pgfcomp-version-1-18 2023-01-15 v3.1.10 (3.1.10)
)) (c:/texlive/2023/texmf-dist/tex/latex/pgf/utilities/pgffor.sty (c:/texlive/2023/texmf-dist/tex/latex/pgf/utilities/pgfkeys.sty (c:/texlive/2023/texmf-dist/tex/generic/pgf/utilities/pgfkeys.code.tex)) (c:/texlive/2023/texmf-dist/tex/latex/pgf/math/pgfmath.sty (c:/texlive/2023/texmf-dist/tex/generic/pgf/math/pgfmath.code.tex)) (c:/texlive/2023/texmf-dist/tex/generic/pgf/utilities/pgffor.code.tex
Package: pgffor 2023-01-15 v3.1.10 (3.1.10)
\pgffor@iter=\dimen277
\pgffor@skip=\dimen278
\pgffor@stack=\toks34
\pgffor@toks=\toks35
)) (c:/texlive/2023/texmf-dist/tex/generic/pgf/frontendlayer/tikz/tikz.code.tex
Package: tikz 2023-01-15 v3.1.10 (3.1.10)
 (c:/texlive/2023/texmf-dist/tex/generic/pgf/libraries/pgflibraryplothandlers.code.tex
File: pgflibraryplothandlers.code.tex 2023-01-15 v3.1.10 (3.1.10)
\pgf@plot@mark@count=\count314
\pgfplotmarksize=\dimen279
)
\tikz@lastx=\dimen280
\tikz@lasty=\dimen281
\tikz@lastxsaved=\dimen282
\tikz@lastysaved=\dimen283
\tikz@lastmovetox=\dimen284
\tikz@lastmovetoy=\dimen285
\tikzleveldistance=\dimen286
\tikzsiblingdistance=\dimen287
\tikz@figbox=\box110
\tikz@figbox@bg=\box111
\tikz@tempbox=\box112
\tikz@tempbox@bg=\box113
\tikztreelevel=\count315
\tikznumberofchildren=\count316
\tikznumberofcurrentchild=\count317
\tikz@fig@count=\count318
 (c:/texlive/2023/texmf-dist/tex/generic/pgf/modules/pgfmodulematrix.code.tex
File: pgfmodulematrix.code.tex 2023-01-15 v3.1.10 (3.1.10)
\pgfmatrixcurrentrow=\count319
\pgfmatrixcurrentcolumn=\count320
\pgf@matrix@numberofcolumns=\count321
)
\tikz@expandcount=\count322
 (c:/texlive/2023/texmf-dist/tex/generic/pgf/frontendlayer/tikz/libraries/tikzlibrarytopaths.code.tex
File: tikzlibrarytopaths.code.tex 2023-01-15 v3.1.10 (3.1.10)
))) (c:/texlive/2023/texmf-dist/tex/latex/mdframed/md-frame-1.mdf
File: md-frame-1.mdf 2013/07/01\ 1.9b: md-frame-1
)
\mdf@frametitlebox=\box114
\mdf@footnotebox=\box115
\mdf@splitbox@one=\box116
\mdf@splitbox@two=\box117
\mdf@splitbox@save=\box118
\mdfsplitboxwidth=\skip104
\mdfsplitboxtotalwidth=\skip105
\mdfsplitboxheight=\skip106
\mdfsplitboxdepth=\skip107
\mdfsplitboxtotalheight=\skip108
\mdfframetitleboxwidth=\skip109
\mdfframetitleboxtotalwidth=\skip110
\mdfframetitleboxheight=\skip111
\mdfframetitleboxdepth=\skip112
\mdfframetitleboxtotalheight=\skip113
\mdffootnoteboxwidth=\skip114
\mdffootnoteboxtotalwidth=\skip115
\mdffootnoteboxheight=\skip116
\mdffootnoteboxdepth=\skip117
\mdffootnoteboxtotalheight=\skip118
\mdftotallinewidth=\skip119
\mdfboundingboxwidth=\skip120
\mdfboundingboxtotalwidth=\skip121
\mdfboundingboxheight=\skip122
\mdfboundingboxdepth=\skip123
\mdfboundingboxtotalheight=\skip124
\mdf@freevspace@length=\skip125
\mdf@horizontalwidthofbox@length=\skip126
\mdf@verticalmarginwhole@length=\skip127
\mdf@horizontalspaceofbox=\skip128
\mdfsubtitleheight=\skip129
\mdfsubsubtitleheight=\skip130
\c@mdfcountframes=\count323

****** mdframed patching \endmdf@trivlist

****** -- success******

\mdf@envdepth=\count324
\c@mdf@env@i=\count325
\c@mdf@env@ii=\count326
\c@mdf@zref@counter=\count327
Package zref Info: New property: mdf@pagevalue on input line 895.
) (c:/texlive/2023/texmf-dist/tex/latex/tools/indentfirst.sty
Package: indentfirst 1995/11/23 v1.03 Indent first paragraph (DPC)
) (c:/texlive/2023/texmf-dist/tex/latex/tools/tabularx.sty
Package: tabularx 2020/01/15 v2.11c `tabularx' package (DPC)
\TX@col@width=\dimen288
\TX@old@table=\dimen289
\TX@old@col=\dimen290
\TX@target=\dimen291
\TX@delta=\dimen292
\TX@cols=\count328
\TX@ftn=\toks36
) (c:/texlive/2023/texmf-dist/tex/latex/adjustbox/adjustbox.sty
Package: adjustbox 2022/10/17 v1.3a Adjusting TeX boxes (trim, clip, ...)
 (c:/texlive/2023/texmf-dist/tex/latex/xkeyval/xkeyval.sty
Package: xkeyval 2022/06/16 v2.9 package option processing (HA)
 (c:/texlive/2023/texmf-dist/tex/generic/xkeyval/xkeyval.tex (c:/texlive/2023/texmf-dist/tex/generic/xkeyval/xkvutils.tex
\XKV@toks=\toks37
\XKV@tempa@toks=\toks38
)
\XKV@depth=\count329
File: xkeyval.tex 2014/12/03 v2.7a key=value parser (HA)
)) (c:/texlive/2023/texmf-dist/tex/latex/adjustbox/adjcalc.sty
Package: adjcalc 2012/05/16 v1.1 Provides advanced setlength with multiple back-ends (calc, etex, pgfmath)
) (c:/texlive/2023/texmf-dist/tex/latex/adjustbox/trimclip.sty
Package: trimclip 2020/08/19 v1.2 Trim and clip general TeX material
 (c:/texlive/2023/texmf-dist/tex/latex/collectbox/collectbox.sty
Package: collectbox 2022/10/17 v0.4c Collect macro arguments as boxes
\collectedbox=\box119
)
\tc@llx=\dimen293
\tc@lly=\dimen294
\tc@urx=\dimen295
\tc@ury=\dimen296
Package trimclip Info: Using driver 'tc-pdftex.def'.
 (c:/texlive/2023/texmf-dist/tex/latex/adjustbox/tc-pdftex.def
File: tc-pdftex.def 2019/01/04 v2.2 Clipping driver for pdftex
))
\adjbox@Width=\dimen297
\adjbox@Height=\dimen298
\adjbox@Depth=\dimen299
\adjbox@Totalheight=\dimen300
\adjbox@pwidth=\dimen301
\adjbox@pheight=\dimen302
\adjbox@pdepth=\dimen303
\adjbox@ptotalheight=\dimen304
 (c:/texlive/2023/texmf-dist/tex/latex/ifoddpage/ifoddpage.sty
Package: ifoddpage 2022/10/18 v1.2 Conditionals for odd/even page detection
\c@checkoddpage=\count330
) (c:/texlive/2023/texmf-dist/tex/latex/varwidth/varwidth.sty
Package: varwidth 2009/03/30 ver 0.92;  Variable-width minipages
\@vwid@box=\box120
\sift@deathcycles=\count331
\@vwid@loff=\dimen305
\@vwid@roff=\dimen306
)) (c:/texlive/2023/texmf-dist/tex/latex/bookmark/bookmark.sty
Package: bookmark 2020-11-06 v1.29 PDF bookmarks (HO)
 (c:/texlive/2023/texmf-dist/tex/latex/bookmark/bkm-pdftex.def
File: bkm-pdftex.def 2020-11-06 v1.29 bookmark driver for pdfTeX (HO)
\BKM@id=\count332
)) (./main.aux (./Parts/core_tech/computer.aux) (./Parts/core_tech/robots_total_cyborgs.aux) (./Parts/core_tech/machines_as_characters.aux))
\openout1 = `main.aux'.

LaTeX Font Info:    Checking defaults for OML/cmm/m/it on input line 86.
LaTeX Font Info:    ... okay on input line 86.
LaTeX Font Info:    Checking defaults for OMS/cmsy/m/n on input line 86.
LaTeX Font Info:    ... okay on input line 86.
LaTeX Font Info:    Checking defaults for OT1/cmr/m/n on input line 86.
LaTeX Font Info:    ... okay on input line 86.
LaTeX Font Info:    Checking defaults for T1/cmr/m/n on input line 86.
LaTeX Font Info:    ... okay on input line 86.
LaTeX Font Info:    Checking defaults for TS1/cmr/m/n on input line 86.
LaTeX Font Info:    ... okay on input line 86.
LaTeX Font Info:    Checking defaults for OMX/cmex/m/n on input line 86.
LaTeX Font Info:    ... okay on input line 86.
LaTeX Font Info:    Checking defaults for U/cmr/m/n on input line 86.
LaTeX Font Info:    ... okay on input line 86.
LaTeX Font Info:    Checking defaults for PD1/pdf/m/n on input line 86.
LaTeX Font Info:    ... okay on input line 86.
LaTeX Font Info:    Checking defaults for PU/pdf/m/n on input line 86.
LaTeX Font Info:    ... okay on input line 86.
 (c:/texlive/2023/texmf-dist/tex/context/base/mkii/supp-pdf.mkii
[Loading MPS to PDF converter (version 2006.09.02).]
\scratchcounter=\count333
\scratchdimen=\dimen307
\scratchbox=\box121
\nofMPsegments=\count334
\nofMParguments=\count335
\everyMPshowfont=\toks39
\MPscratchCnt=\count336
\MPscratchDim=\dimen308
\MPnumerator=\count337
\makeMPintoPDFobject=\count338
\everyMPtoPDFconversion=\toks40
) (c:/texlive/2023/texmf-dist/tex/latex/epstopdf-pkg/epstopdf-base.sty
Package: epstopdf-base 2020-01-24 v2.11 Base part for package epstopdf
Package epstopdf-base Info: Redefining graphics rule for `.eps' on input line 485.
 (c:/texlive/2023/texmf-dist/tex/latex/latexconfig/epstopdf-sys.cfg
File: epstopdf-sys.cfg 2010/07/13 v1.3 Configuration of (r)epstopdf for TeX Live
))
Package caption Info: Begin \AtBeginDocument code.
Package caption Info: float package is loaded.
Package caption Info: hyperref package is loaded.
Package caption Info: wrapfig package is loaded.
Package caption Info: End \AtBeginDocument code.

*geometry* driver: auto-detecting
*geometry* detected driver: pdftex
*geometry* verbose mode - [ preamble ] result:
* driver: pdftex
* paper: a4paper
* layout: <same size as paper>
* layoutoffset:(h,v)=(0.0pt,0.0pt)
* modes: 
* h-part:(L,W,R)=(47.69846pt, 502.11096pt, 47.69846pt)
* v-part:(T,H,B)=(61.42993pt, 722.18698pt, 61.42993pt)
* \paperwidth=597.50787pt
* \paperheight=845.04684pt
* \textwidth=502.11096pt
* \textheight=722.18698pt
* \oddsidemargin=-24.57153pt
* \evensidemargin=-24.57153pt
* \topmargin=-40.90755pt
* \headheight=12.0pt
* \headsep=18.06749pt
* \topskip=10.0pt
* \footskip=25.29494pt
* \marginparwidth=69.0pt
* \marginparsep=7.0pt
* \columnsep=10.0pt
* \skip\footins=9.0pt plus 4.0pt minus 2.0pt
* \hoffset=0.0pt
* \voffset=0.0pt
* \mag=1000
* \@twocolumnfalse
* \@twosidefalse
* \@mparswitchfalse
* \@reversemarginfalse
* (1in=72.27pt=25.4mm, 1cm=28.453pt)

Package hyperref Info: Link coloring OFF on input line 86.
\symgns@font=\mathgroup4
LaTeX Font Info:    Overwriting symbol font `gns@font' in version `bold'
(Font)                  TS1/cmss/m/n --> TS1/cmss/b/n on input line 86.
Package gensymb Info: Math companion symbols declared on input line 86.
LaTeX Info: Redefining \degree on input line 86.
LaTeX Info: Redefining \celsius on input line 86.
Package gensymb Info: Using text companion symbols for \degree, \celsius and \perthousand on input line 86.
LaTeX Info: Redefining \ohm on input line 86.
Package gensymb Info: Using \textohm for \ohm on input line 86.
Package gensymb Info: Using \textmu for \micro on input line 86.
LaTeX Font Info:    External font `cmex10' loaded for size
(Font)              <12> on input line 89.
LaTeX Font Info:    External font `cmex10' loaded for size
(Font)              <8> on input line 89.
LaTeX Font Info:    External font `cmex10' loaded for size
(Font)              <6> on input line 89.
LaTeX Font Info:    Trying to load font information for TS1+cmss on input line 89.
(c:/texlive/2023/texmf-dist/tex/latex/base/ts1cmss.fd
File: ts1cmss.fd 2022/07/10 v2.5l Standard LaTeX font definitions
) [1




pdfTeX warning: pdflatex.exe (file pdftex.map): cannot open font map file
] (./main.toc
LaTeX Font Info:    External font `cmex10' loaded for size
(Font)              <7> on input line 4.
LaTeX Font Info:    External font `cmex10' loaded for size
(Font)              <5> on input line 4.

pdfTeX warning (ext4): destination with the same identifier (name{page.1}) has been already used, duplicate ignored
<to be read again> 
                   \relax 
l.445 ...ng, and Animal Control}{74}{section*.434}
                                                  % [1] [2])
\tf@toc=\write4
\openout4 = `main.toc'.

 [3] [4

]
Chapter 1.
(./Parts/rules and info/buying_equipment.tex
Underfull \hbox (badness 10000) in paragraph at lines 7--8

 []

LaTeX Font Info:    Font shape `OT1/cmss/m/it' in size <10> not available
(Font)              Font shape `OT1/cmss/m/sl' tried instead on input line 10.
) [5

]
Chapter 2.
(./Parts/rules and info/wear_and_care.tex) [6

]
Chapter 3.
(./Parts/rules and info/integrating_modifying_equipment.tex [7

]) [8] [9

]
Chapter 4.
(./Parts/core_tech/power.tex [10

]) [11]
Chapter 5.
\openout2 = `Parts/core_tech/computer.aux'.

(./Parts/core_tech/computer.tex [12

] [13]) [14]
Chapter 6.
\openout2 = `Parts/core_tech/robots_total_cyborgs.aux'.

(./Parts/core_tech/robots_total_cyborgs.tex [15

] [16]

LaTeX Warning: Reference `subsec:swarmbot_hive' on page 17 undefined on input line 114.

[17]) [18
\@writefile{toc}{\contentsline {subsubsection}{Combat}{18}{section*.80}\protected@file@percent }
\@writefile{toc}{\contentsline {subsubsection}{Multiple Swarms}{18}{section*.81}\protected@file@percent }
\@writefile{toc}{\contentsline {subsubsection}{Fighting Swarms}{18}{section*.82}\protected@file@percent }
\@writefile{toc}{\contentsline {subsection}{Swarmbot Hive}{18}{section*.83}\protected@file@percent }
\newlabel{subsec:swarmbot_hive}{{6}{18}{Swarmbot Hive}{section*.83}{}}
]
Chapter 7.
\openout2 = `Parts/core_tech/machines_as_characters.aux'.

(./Parts/core_tech/machines_as_characters.tex [19

] [20]) [21]
Chapter 8.
(./Parts/core_tech/personal_gear.tex [22

] [23]
Underfull \hbox (badness 10000) in paragraph at lines 148--149

 []

) [24] [25

]
Chapter 9.
(./Parts/comms_sensors_media/communication.tex [26

] [27] [28] [29]) [30]
Chapter 10.
(./Parts/comms_sensors_media/media.tex [31

] [32]
Underfull \hbox (badness 10000) in paragraph at lines 90--96

 []


Underfull \hbox (badness 10000) in paragraph at lines 90--96

 []

[33]
Underfull \hbox (badness 10000) in paragraph at lines 136--139

 []


Underfull \hbox (badness 10000) in paragraph at lines 142--145

 []

[34] [35] [36]) [37]
Chapter 11.
(./Parts/comms_sensors_media/sensors.tex [38

]
Underfull \hbox (badness 10000) in paragraph at lines 99--99
[][]\OT1/cmss/bx/n/12 Passive Elec-tro-mag-netic Sen-sor Ar-rays
 []

[39] [40] [41] [42] [43]) [44] [45

]
Chapter 12.
(./Parts/housing_tools_survival/housing_and_food.tex [46

] [47]) [48]
Chapter 13.
(./Parts/housing_tools_survival/expedition_gear.tex [49

] [50] [51] [52]
Underfull \hbox (badness 5985) in paragraph at lines 173--173
[][]\OT1/cmss/bx/n/14.4 Exploration, Sa-fari, and Sal-vage
 []


LaTeX Font Warning: Font shape `OT1/cmss/bx/it' undefined
(Font)              using `OT1/cmss/bx/n' instead on input line 183.

) [53]
Chapter 14.
(./Parts/housing_tools_survival/tools_construction.tex [54

] [55] [56] [57]) [58]
Chapter 15.
(./Parts/housing_tools_survival/manufacturing.tex [59

]) [60] [61

]
Chapter 16.
(./Parts/covert_ops_and_sec/deception_intrusion.tex [62

] [63] [64] [65]) [66]
Chapter 17.
(./Parts/covert_ops_and_sec/security_surveillance.tex [67

] [68] [69] [70]) [71]
Chapter 18.
(./Parts/covert_ops_and_sec/enforcement_coercion.tex [72

] [73] [74] [75]) [76] [77

]
Chapter 19.
(./Parts/weaponry/beam_weapons.tex
Overfull \hbox (10.87868pt too wide) in paragraph at lines 61--61
[]|\OT1/cmss/bx/n/9 Acc| 
 []


Overfull \hbox (12.25368pt too wide) in paragraph at lines 61--61
[]|\OT1/cmss/bx/n/9 RoF| 
 []


Overfull \hbox (7.57866pt too wide) in paragraph at lines 61--61
[]|\OT1/cmss/bx/n/9 ST| 
 []


Overfull \hbox (8.50365pt too wide) in paragraph at lines 61--61
[]|\OT1/cmss/bx/n/9 Rcl| 
 []


Overfull \hbox (7.02864pt too wide) in paragraph at lines 61--61
[]|\OT1/cmss/bx/n/9 LC| 
 []


Overfull \hbox (4.21365pt too wide) in paragraph at lines 61--61
[]|\OT1/cmss/m/n/9 6\TS1/cmss/m/n/9 „| 
 []


Overfull \hbox (4.72853pt too wide) in paragraph at lines 61--61
[]|\OT1/cmss/m/n/9 12| 
 []

[78

] [79]
Overfull \hbox (1.11122pt too wide) in paragraph at lines 213--213
[]|\OT1/cmss/m/n/9 12+1| 
 []


Overfull \hbox (1.11122pt too wide) in paragraph at lines 213--213
[]|\OT1/cmss/m/n/9 12+2| 
 []


Overfull \hbox (12.01627pt too wide) in paragraph at lines 213--213
[]|\OT1/cmss/bx/n/9 Acc| 
 []


Overfull \hbox (8.71625pt too wide) in paragraph at lines 213--213
[]|\OT1/cmss/bx/n/9 ST| 
 []


Overfull \hbox (9.64124pt too wide) in paragraph at lines 213--213
[]|\OT1/cmss/bx/n/9 Rcl| 
 []


Overfull \hbox (8.16623pt too wide) in paragraph at lines 213--213
[]|\OT1/cmss/bx/n/9 LC| 
 []


Overfull \hbox (5.86612pt too wide) in paragraph at lines 213--213
[]|\OT1/cmss/m/n/9 18| 
 []


Overfull \hbox (18.57437pt too wide) in paragraph at lines 213--213
[]|\OT1/cmss/m/n/9 200M| 
 []


Overfull \hbox (1.24115pt too wide) in paragraph at lines 213--213
[]|\OT1/cmss/m/n/9 1| 
 []


Overfull \hbox (1.24115pt too wide) in paragraph at lines 213--213
[]|\OT1/cmss/m/n/9 1| 
 []


Overfull \hbox (5.86612pt too wide) in paragraph at lines 213--213
[]|\OT1/cmss/m/n/9 18| 
 []


Overfull \hbox (13.9494pt too wide) in paragraph at lines 213--213
[]|\OT1/cmss/m/n/9 70M| 
 []


Overfull \hbox (1.24115pt too wide) in paragraph at lines 213--213
[]|\OT1/cmss/m/n/9 1| 
 []


Overfull \hbox (1.24115pt too wide) in paragraph at lines 213--213
[]|\OT1/cmss/m/n/9 1| 
 []


Overfull \hbox (5.86612pt too wide) in paragraph at lines 213--213
[]|\OT1/cmss/m/n/9 18| 
 []


Overfull \hbox (13.9494pt too wide) in paragraph at lines 213--213
[]|\OT1/cmss/m/n/9 18M| 
 []


Overfull \hbox (1.24115pt too wide) in paragraph at lines 213--213
[]|\OT1/cmss/m/n/9 1| 
 []


Overfull \hbox (1.24115pt too wide) in paragraph at lines 213--213
[]|\OT1/cmss/m/n/9 1| 
 []


Overfull \hbox (5.86612pt too wide) in paragraph at lines 213--213
[]|\OT1/cmss/m/n/9 18| 
 []


Overfull \hbox (13.9494pt too wide) in paragraph at lines 213--213
[]|\OT1/cmss/m/n/9 18M| 
 []


Overfull \hbox (1.24115pt too wide) in paragraph at lines 213--213
[]|\OT1/cmss/m/n/9 1| 
 []


Overfull \hbox (1.24115pt too wide) in paragraph at lines 213--213
[]|\OT1/cmss/m/n/9 1| 
 []


Overfull \hbox (5.86612pt too wide) in paragraph at lines 213--213
[]|\OT1/cmss/m/n/9 18| 
 []


Overfull \hbox (18.57437pt too wide) in paragraph at lines 213--213
[]|\OT1/cmss/m/n/9 200M| 
 []


Overfull \hbox (1.24115pt too wide) in paragraph at lines 213--213
[]|\OT1/cmss/m/n/9 1| 
 []


Overfull \hbox (1.24115pt too wide) in paragraph at lines 213--213
[]|\OT1/cmss/m/n/9 1| 
 []


Overfull \hbox (5.86612pt too wide) in paragraph at lines 213--213
[]|\OT1/cmss/m/n/9 18| 
 []


Overfull \hbox (13.9494pt too wide) in paragraph at lines 213--213
[]|\OT1/cmss/m/n/9 70M| 
 []


Overfull \hbox (1.24115pt too wide) in paragraph at lines 213--213
[]|\OT1/cmss/m/n/9 1| 
 []


Overfull \hbox (1.24115pt too wide) in paragraph at lines 213--213
[]|\OT1/cmss/m/n/9 1| 
 []

[80]
Overfull \vbox (2.25745pt too high) has occurred while \output is active []

 [81]
Overfull \hbox (0.93782pt too wide) in paragraph at lines 301--301
[]|\OT1/cmss/bx/n/9 RoF| 
 []


Overfull \hbox (1.94847pt too wide) in paragraph at lines 301--301
[]|\OT1/cmss/bx/n/9 Acc| 
 []


Overfull \hbox (3.32347pt too wide) in paragraph at lines 301--301
[]|\OT1/cmss/bx/n/9 RoF| 
 []


Overfull \hbox (3.8816pt too wide) in paragraph at lines 301--301
[]|\OT1/cmss/m/n/9 18M| 
 []

[82]
Overfull \hbox (6.51291pt too wide) in paragraph at lines 425--425
[]|\OT1/cmss/bx/n/9 Acc| 
 []


Overfull \hbox (7.88791pt too wide) in paragraph at lines 425--425
[]|\OT1/cmss/bx/n/9 RoF| 
 []


Overfull \hbox (3.21289pt too wide) in paragraph at lines 425--425
[]|\OT1/cmss/bx/n/9 ST| 
 []


Overfull \hbox (4.13788pt too wide) in paragraph at lines 425--425
[]|\OT1/cmss/bx/n/9 Rcl| 
 []


Overfull \hbox (2.66287pt too wide) in paragraph at lines 425--425
[]|\OT1/cmss/bx/n/9 LC| 
 []


Overfull \hbox (13.07101pt too wide) in paragraph at lines 425--425
[]|\OT1/cmss/m/n/9 160M| 
 []

[83] [84] [85]
Overfull \hbox (1.02336pt too wide) in paragraph at lines 613--613
[]|\OT1/cmss/m/n/9 8+3| 
 []


Overfull \hbox (9.61859pt too wide) in paragraph at lines 613--613
[]|\OT1/cmss/bx/n/8 Acc| 
 []


Overfull \hbox (6.68524pt too wide) in paragraph at lines 613--613
[]|\OT1/cmss/bx/n/8 ST| 
 []


Overfull \hbox (7.50746pt too wide) in paragraph at lines 613--613
[]|\OT1/cmss/bx/n/8 Rcl| 
 []


Overfull \hbox (6.19635pt too wide) in paragraph at lines 613--613
[]|\OT1/cmss/bx/n/8 LC| 
 []


Overfull \hbox (4.42975pt too wide) in paragraph at lines 613--613
[]|\OT1/cmss/m/n/8 12| 
 []


Overfull \hbox (16.09657pt too wide) in paragraph at lines 613--613
[]|\OT1/cmss/m/n/8 240M| 
 []


Overfull \hbox (4.42975pt too wide) in paragraph at lines 613--613
[]|\OT1/cmss/m/n/8 12| 
 []


Overfull \hbox (11.84651pt too wide) in paragraph at lines 613--613
[]|\OT1/cmss/m/n/8 50M| 
 []


Overfull \hbox (4.42975pt too wide) in paragraph at lines 613--613
[]|\OT1/cmss/m/n/8 12| 
 []


Overfull \hbox (11.84651pt too wide) in paragraph at lines 613--613
[]|\OT1/cmss/m/n/8 27M| 
 []

) [86]
Chapter 20.
(./Parts/weaponry/fluid_projectors.tex
Overfull \hbox (1.43732pt too wide) in paragraph at lines 56--56
[]|\OT1/cmss/bx/n/9 RoF| 
 []

) [87

] [88]
Chapter 21.
(./Parts/weaponry/guns_launchers.tex [89

] [90]
Overfull \hbox (1.41762pt too wide) in paragraph at lines 233--233
[]|\OT1/cmss/bx/n/9 Acc| 
 []


Overfull \hbox (2.79262pt too wide) in paragraph at lines 233--233
[]|\OT1/cmss/bx/n/9 RoF| 
 []


Overfull \hbox (13.82646pt too wide) in paragraph at lines 233--233
[]|\OT1/cmss/bx/n/9 Acc| 
 []


Overfull \hbox (15.20146pt too wide) in paragraph at lines 233--233
[]|\OT1/cmss/bx/n/9 RoF| 
 []


Overfull \hbox (10.52644pt too wide) in paragraph at lines 233--233
[]|\OT1/cmss/bx/n/9 ST| 
 []


Overfull \hbox (11.45143pt too wide) in paragraph at lines 233--233
[]|\OT1/cmss/bx/n/9 Rcl| 
 []


Overfull \hbox (3.05135pt too wide) in paragraph at lines 233--233
[]|\OT1/cmss/m/n/9 2| 
 []


Overfull \hbox (7.67632pt too wide) in paragraph at lines 233--233
[]|\OT1/cmss/m/n/9 10| 
 []


Overfull \hbox (7.67632pt too wide) in paragraph at lines 233--233
[]|\OT1/cmss/m/n/9 10| 
 []


Overfull \hbox (3.05135pt too wide) in paragraph at lines 233--233
[]|\OT1/cmss/m/n/9 3| 
 []


Overfull \hbox (3.05135pt too wide) in paragraph at lines 233--233
[]|\OT1/cmss/m/n/9 4| 
 []


Overfull \hbox (7.67632pt too wide) in paragraph at lines 233--233
[]|\OT1/cmss/m/n/9 10| 
 []


Overfull \hbox (7.16144pt too wide) in paragraph at lines 233--233
[]|\OT1/cmss/m/n/9 9\TS1/cmss/m/n/9 „| 
 []


Overfull \hbox (3.05135pt too wide) in paragraph at lines 233--233
[]|\OT1/cmss/m/n/9 2| 
 []


Overfull \hbox (3.05135pt too wide) in paragraph at lines 233--233
[]|\OT1/cmss/m/n/9 4| 
 []


Overfull \hbox (7.67632pt too wide) in paragraph at lines 233--233
[]|\OT1/cmss/m/n/9 10| 
 []


Overfull \hbox (7.16144pt too wide) in paragraph at lines 233--233
[]|\OT1/cmss/m/n/9 9\TS1/cmss/m/n/9 „| 
 []


Overfull \hbox (3.05135pt too wide) in paragraph at lines 233--233
[]|\OT1/cmss/m/n/9 3| 
 []


Overfull \hbox (3.05135pt too wide) in paragraph at lines 233--233
[]|\OT1/cmss/m/n/9 2| 
 []


Overfull \hbox (3.05135pt too wide) in paragraph at lines 233--233
[]|\OT1/cmss/m/n/9 2| 
 []


Overfull \hbox (11.7864pt too wide) in paragraph at lines 233--233
[]|\OT1/cmss/m/n/9 10\TS1/cmss/m/n/9 „| 
 []


Overfull \hbox (3.05135pt too wide) in paragraph at lines 233--233
[]|\OT1/cmss/m/n/9 1| 
 []


Overfull \hbox (4.92513pt too wide) in paragraph at lines 233--233
[]|\OT1/cmss/bx/n/9 Acc| 
 []


Overfull \hbox (6.30013pt too wide) in paragraph at lines 233--233
[]|\OT1/cmss/bx/n/9 RoF| 
 []


Overfull \hbox (1.6251pt too wide) in paragraph at lines 233--233
[]|\OT1/cmss/bx/n/9 ST| 
 []


Overfull \hbox (2.5501pt too wide) in paragraph at lines 233--233
[]|\OT1/cmss/bx/n/9 Rcl| 
 []


Overfull \hbox (5.96938pt too wide) in paragraph at lines 233--233
[]|\OT1/cmss/m/n/9 6+3| 
 []


Overfull \hbox (9.05864pt too wide) in paragraph at lines 233--233
[]|\OT1/cmss/m/n/9 12B\TS1/cmss/m/n/9 „| 
 []


Overfull \hbox (9.05864pt too wide) in paragraph at lines 233--233
[]|\OT1/cmss/m/n/9 12B\TS1/cmss/m/n/9 „| 
 []


Overfull \hbox (2.88507pt too wide) in paragraph at lines 233--233
[]|\OT1/cmss/m/n/9 10\TS1/cmss/m/n/9 „| 
 []


Overfull \hbox (2.88507pt too wide) in paragraph at lines 233--233
[]|\OT1/cmss/m/n/9 10\TS1/cmss/m/n/9 „| 
 []


Overfull \hbox (9.50072pt too wide) in paragraph at lines 233--233
[]|\OT1/cmss/bx/n/9 Acc| 
 []


Overfull \hbox (10.87572pt too wide) in paragraph at lines 233--233
[]|\OT1/cmss/bx/n/9 RoF| 
 []


Overfull \hbox (6.2007pt too wide) in paragraph at lines 233--233
[]|\OT1/cmss/bx/n/9 ST| 
 []


Overfull \hbox (7.12569pt too wide) in paragraph at lines 233--233
[]|\OT1/cmss/bx/n/9 Rcl| 
 []


Overfull \hbox (7.46066pt too wide) in paragraph at lines 233--233
[]|\OT1/cmss/m/n/9 10\TS1/cmss/m/n/9 „| 
 []


Overfull \hbox (3.35057pt too wide) in paragraph at lines 233--233
[]|\OT1/cmss/m/n/9 10| 
 []


Overfull \hbox (7.46066pt too wide) in paragraph at lines 233--233
[]|\OT1/cmss/m/n/9 11\TS1/cmss/m/n/9 „| 
 []


Overfull \hbox (3.35057pt too wide) in paragraph at lines 233--233
[]|\OT1/cmss/m/n/9 10| 
 []


Overfull \hbox (7.46066pt too wide) in paragraph at lines 233--233
[]|\OT1/cmss/m/n/9 10\TS1/cmss/m/n/9 „| 
 []


Overfull \hbox (13.30862pt too wide) in paragraph at lines 233--233
[]|\OT1/cmss/bx/n/9 Acc| 
 []


Overfull \hbox (14.68362pt too wide) in paragraph at lines 233--233
[]|\OT1/cmss/bx/n/9 RoF| 
 []


Overfull \hbox (10.0086pt too wide) in paragraph at lines 233--233
[]|\OT1/cmss/bx/n/9 ST| 
 []


Overfull \hbox (10.9336pt too wide) in paragraph at lines 233--233
[]|\OT1/cmss/bx/n/9 Rcl| 
 []


Overfull \hbox (2.53351pt too wide) in paragraph at lines 233--233
[]|\OT1/cmss/m/n/9 4| 
 []


Overfull \hbox (2.53351pt too wide) in paragraph at lines 233--233
[]|\OT1/cmss/m/n/9 1| 
 []


Overfull \hbox (7.15848pt too wide) in paragraph at lines 233--233
[]|\OT1/cmss/m/n/9 10| 
 []


Overfull \hbox (2.53351pt too wide) in paragraph at lines 233--233
[]|\OT1/cmss/m/n/9 3| 
 []


Overfull \hbox (2.53351pt too wide) in paragraph at lines 233--233
[]|\OT1/cmss/m/n/9 2| 
 []


Overfull \hbox (2.53351pt too wide) in paragraph at lines 233--233
[]|\OT1/cmss/m/n/9 3| 
 []


Overfull \hbox (7.15848pt too wide) in paragraph at lines 233--233
[]|\OT1/cmss/m/n/9 10| 
 []


Overfull \hbox (2.53351pt too wide) in paragraph at lines 233--233
[]|\OT1/cmss/m/n/9 1| 
 []


Overfull \hbox (6.06723pt too wide) in paragraph at lines 233--233
[]|\OT1/cmss/bx/n/9 Acc| 
 []


Overfull \hbox (7.44223pt too wide) in paragraph at lines 233--233
[]|\OT1/cmss/bx/n/9 RoF| 
 []


Overfull \hbox (2.76721pt too wide) in paragraph at lines 233--233
[]|\OT1/cmss/bx/n/9 ST| 
 []


Overfull \hbox (3.6922pt too wide) in paragraph at lines 233--233
[]|\OT1/cmss/bx/n/9 Rcl| 
 []


Overfull \hbox (5.57578pt too wide) in paragraph at lines 233--233
[]|\OT1/cmss/m/n/9 9B\TS1/cmss/m/n/9 „| 
 []


Overfull \hbox (10.20074pt too wide) in paragraph at lines 233--233
[]|\OT1/cmss/m/n/9 11B\TS1/cmss/m/n/9 „| 
 []


Overfull \hbox (6.28418pt too wide) in paragraph at lines 233--233
[]|\OT1/cmss/bx/n/9 Acc| 
 []


Overfull \hbox (7.65918pt too wide) in paragraph at lines 233--233
[]|\OT1/cmss/bx/n/9 RoF| 
 []


Overfull \hbox (2.98416pt too wide) in paragraph at lines 233--233
[]|\OT1/cmss/bx/n/9 ST| 
 []


Overfull \hbox (3.90915pt too wide) in paragraph at lines 233--233
[]|\OT1/cmss/bx/n/9 Rcl| 
 []


Overfull \hbox (12.84229pt too wide) in paragraph at lines 233--233
[]|\OT1/cmss/m/n/9 150M| 
 []


Overfull \hbox (2.0484pt too wide) in paragraph at lines 233--233
[]|\OT1/cmss/bx/n/9 Acc| 
 []


Overfull \hbox (3.4234pt too wide) in paragraph at lines 233--233
[]|\OT1/cmss/bx/n/9 RoF| 
 []


Overfull \hbox (3.98154pt too wide) in paragraph at lines 233--233
[]|\OT1/cmss/m/n/9 20M| 
 []


Overfull \hbox (3.98154pt too wide) in paragraph at lines 233--233
[]|\OT1/cmss/m/n/9 20M| 
 []


Overfull \hbox (0.52322pt too wide) in paragraph at lines 233--233
[]|\OT1/cmss/m/n/9 100| 
 []


Overfull \hbox (3.98154pt too wide) in paragraph at lines 233--233
[]|\OT1/cmss/m/n/9 15M| 
 []

[91]
Underfull \hbox (badness 10000) in paragraph at lines 320--322

 []


Underfull \hbox (badness 10000) in paragraph at lines 325--326

 []

[92] [93]
Overfull \hbox (11.92719pt too wide) in paragraph at lines 557--557
[]|\OT1/cmss/bx/n/9 Acc| 
 []


Overfull \hbox (13.30219pt too wide) in paragraph at lines 557--557
[]|\OT1/cmss/bx/n/9 RoF| 
 []


Overfull \hbox (8.62717pt too wide) in paragraph at lines 557--557
[]|\OT1/cmss/bx/n/9 ST| 
 []


Overfull \hbox (9.55215pt too wide) in paragraph at lines 557--557
[]|\OT1/cmss/bx/n/9 Rcl| 
 []


Overfull \hbox (1.15207pt too wide) in paragraph at lines 557--557
[]|\OT1/cmss/m/n/9 4| 
 []


Overfull \hbox (1.15207pt too wide) in paragraph at lines 557--557
[]|\OT1/cmss/m/n/9 1| 
 []


Overfull \hbox (13.86032pt too wide) in paragraph at lines 557--557
[]|\OT1/cmss/m/n/9 12M| 
 []


Overfull \hbox (1.15207pt too wide) in paragraph at lines 557--557
[]|\OT1/cmss/m/n/9 2| 
 []


Overfull \hbox (5.10637pt too wide) in paragraph at lines 557--557
[]|\OT1/cmss/bx/n/9 Acc| 
 []


Overfull \hbox (6.48137pt too wide) in paragraph at lines 557--557
[]|\OT1/cmss/bx/n/9 RoF| 
 []


Overfull \hbox (1.80635pt too wide) in paragraph at lines 557--557
[]|\OT1/cmss/bx/n/9 ST| 
 []


Overfull \hbox (2.73134pt too wide) in paragraph at lines 557--557
[]|\OT1/cmss/bx/n/9 Rcl| 
 []


Overfull \hbox (8.2045pt too wide) in paragraph at lines 557--557
[]|\OT1/cmss/bx/n/9 Acc| 
 []


Overfull \hbox (9.5795pt too wide) in paragraph at lines 557--557
[]|\OT1/cmss/bx/n/9 RoF| 
 []


Overfull \hbox (4.90448pt too wide) in paragraph at lines 557--557
[]|\OT1/cmss/bx/n/9 ST| 
 []


Overfull \hbox (5.82947pt too wide) in paragraph at lines 557--557
[]|\OT1/cmss/bx/n/9 Rcl| 
 []


Overfull \hbox (2.05435pt too wide) in paragraph at lines 557--557
[]|\OT1/cmss/m/n/9 20| 
 []


Overfull \hbox (2.05435pt too wide) in paragraph at lines 557--557
[]|\OT1/cmss/m/n/9 12| 
 []


Overfull \hbox (1.53947pt too wide) in paragraph at lines 557--557
[]|\OT1/cmss/m/n/9 7\TS1/cmss/m/n/9 „| 
 []


Overfull \hbox (9.24875pt too wide) in paragraph at lines 557--557
[]|\OT1/cmss/m/n/9 6+1| 
 []


Overfull \hbox (2.05435pt too wide) in paragraph at lines 557--557
[]|\OT1/cmss/m/n/9 16| 
 []


Overfull \hbox (1.53947pt too wide) in paragraph at lines 557--557
[]|\OT1/cmss/m/n/9 9\TS1/cmss/m/n/9 „| 
 []


Overfull \hbox (13.4912pt too wide) in paragraph at lines 557--557
[]|\OT1/cmss/bx/n/9 Acc| 
 []


Overfull \hbox (14.8662pt too wide) in paragraph at lines 557--557
[]|\OT1/cmss/bx/n/9 RoF| 
 []


Overfull \hbox (10.19118pt too wide) in paragraph at lines 557--557
[]|\OT1/cmss/bx/n/9 ST| 
 []


Overfull \hbox (11.11617pt too wide) in paragraph at lines 557--557
[]|\OT1/cmss/bx/n/9 Rcl| 
 []


Overfull \hbox (14.53545pt too wide) in paragraph at lines 557--557
[]|\OT1/cmss/m/n/9 7+3| 
 []


Overfull \hbox (2.71608pt too wide) in paragraph at lines 557--557
[]|\OT1/cmss/m/n/9 1| 
 []


Overfull \hbox (17.62471pt too wide) in paragraph at lines 557--557
[]|\OT1/cmss/m/n/9 11B\TS1/cmss/m/n/9 „| 
 []


Overfull \hbox (2.71608pt too wide) in paragraph at lines 557--557
[]|\OT1/cmss/m/n/9 2| 
 []


Overfull \hbox (2.71608pt too wide) in paragraph at lines 557--557
[]|\OT1/cmss/m/n/9 4| 
 []


Overfull \hbox (7.34105pt too wide) in paragraph at lines 557--557
[]|\OT1/cmss/m/n/9 20| 
 []


Overfull \hbox (6.82617pt too wide) in paragraph at lines 557--557
[]|\OT1/cmss/m/n/9 8\TS1/cmss/m/n/9 „| 
 []


Overfull \hbox (2.71608pt too wide) in paragraph at lines 557--557
[]|\OT1/cmss/m/n/9 2| 
 []


Overfull \hbox (14.53545pt too wide) in paragraph at lines 557--557
[]|\OT1/cmss/m/n/9 7+2| 
 []


Overfull \hbox (7.34105pt too wide) in paragraph at lines 557--557
[]|\OT1/cmss/m/n/9 12| 
 []


Overfull \hbox (11.45114pt too wide) in paragraph at lines 557--557
[]|\OT1/cmss/m/n/9 10\TS1/cmss/m/n/9 „| 
 []


Overfull \hbox (2.71608pt too wide) in paragraph at lines 557--557
[]|\OT1/cmss/m/n/9 2| 
 []


Overfull \hbox (2.71608pt too wide) in paragraph at lines 557--557
[]|\OT1/cmss/m/n/9 7| 
 []


Overfull \hbox (2.71608pt too wide) in paragraph at lines 557--557
[]|\OT1/cmss/m/n/9 3| 
 []


Overfull \hbox (11.45114pt too wide) in paragraph at lines 557--557
[]|\OT1/cmss/m/n/9 10\TS1/cmss/m/n/9 „| 
 []


Overfull \hbox (2.71608pt too wide) in paragraph at lines 557--557
[]|\OT1/cmss/m/n/9 3| 
 []


Overfull \hbox (10.24992pt too wide) in paragraph at lines 557--557
[]|\OT1/cmss/bx/n/9 Acc| 
 []


Overfull \hbox (11.62492pt too wide) in paragraph at lines 557--557
[]|\OT1/cmss/bx/n/9 RoF| 
 []


Overfull \hbox (6.9499pt too wide) in paragraph at lines 557--557
[]|\OT1/cmss/bx/n/9 ST| 
 []


Overfull \hbox (7.8749pt too wide) in paragraph at lines 557--557
[]|\OT1/cmss/bx/n/9 Rcl| 
 []


Overfull \hbox (4.09978pt too wide) in paragraph at lines 557--557
[]|\OT1/cmss/m/n/9 15| 
 []


Overfull \hbox (8.20987pt too wide) in paragraph at lines 557--557
[]|\OT1/cmss/m/n/9 10\TS1/cmss/m/n/9 „| 
 []


Overfull \hbox (4.09978pt too wide) in paragraph at lines 557--557
[]|\OT1/cmss/m/n/9 10| 
 []


Overfull \hbox (9.33363pt too wide) in paragraph at lines 557--557
[]|\OT1/cmss/bx/n/9 Acc| 
 []


Overfull \hbox (10.70863pt too wide) in paragraph at lines 557--557
[]|\OT1/cmss/bx/n/9 RoF| 
 []


Overfull \hbox (6.03362pt too wide) in paragraph at lines 557--557
[]|\OT1/cmss/bx/n/9 ST| 
 []


Overfull \hbox (6.9586pt too wide) in paragraph at lines 557--557
[]|\OT1/cmss/bx/n/9 Rcl| 
 []


Overfull \hbox (2.66861pt too wide) in paragraph at lines 557--557
[]|\OT1/cmss/m/n/9 8\TS1/cmss/m/n/9 „| 
 []


Overfull \hbox (10.37788pt too wide) in paragraph at lines 557--557
[]|\OT1/cmss/m/n/9 4+2| 
 []


Overfull \hbox (3.18349pt too wide) in paragraph at lines 557--557
[]|\OT1/cmss/m/n/9 10| 
 []


Overfull \hbox (4.48648pt too wide) in paragraph at lines 557--557
[]|\OT1/cmss/bx/n/9 Acc| 
 []


Overfull \hbox (5.86148pt too wide) in paragraph at lines 557--557
[]|\OT1/cmss/bx/n/9 RoF| 
 []


Overfull \hbox (1.18646pt too wide) in paragraph at lines 557--557
[]|\OT1/cmss/bx/n/9 ST| 
 []


Overfull \hbox (2.11145pt too wide) in paragraph at lines 557--557
[]|\OT1/cmss/bx/n/9 Rcl| 
 []


Overfull \hbox (5.53073pt too wide) in paragraph at lines 557--557
[]|\OT1/cmss/m/n/9 7+2| 
 []


Overfull \hbox (8.62pt too wide) in paragraph at lines 557--557
[]|\OT1/cmss/m/n/9 12B\TS1/cmss/m/n/9 „| 
 []


Overfull \hbox (11.75604pt too wide) in paragraph at lines 557--557
[]|\OT1/cmss/bx/n/9 Acc| 
 []


Overfull \hbox (13.13104pt too wide) in paragraph at lines 557--557
[]|\OT1/cmss/bx/n/9 RoF| 
 []


Overfull \hbox (8.45602pt too wide) in paragraph at lines 557--557
[]|\OT1/cmss/bx/n/9 ST| 
 []


Overfull \hbox (9.38101pt too wide) in paragraph at lines 557--557
[]|\OT1/cmss/bx/n/9 Rcl| 
 []


Overfull \hbox (0.98093pt too wide) in paragraph at lines 557--557
[]|\OT1/cmss/m/n/9 4| 
 []


Overfull \hbox (0.98093pt too wide) in paragraph at lines 557--557
[]|\OT1/cmss/m/n/9 1| 
 []


Overfull \hbox (9.71599pt too wide) in paragraph at lines 557--557
[]|\OT1/cmss/m/n/9 14\TS1/cmss/m/n/9 „| 
 []


Overfull \hbox (0.98093pt too wide) in paragraph at lines 557--557
[]|\OT1/cmss/m/n/9 2| 
 []


Overfull \hbox (0.98093pt too wide) in paragraph at lines 557--557
[]|\OT1/cmss/m/n/9 8| 
 []


Overfull \hbox (5.6059pt too wide) in paragraph at lines 557--557
[]|\OT1/cmss/m/n/9 20| 
 []


Overfull \hbox (13.68918pt too wide) in paragraph at lines 557--557
[]|\OT1/cmss/m/n/9 57M| 
 []


Overfull \hbox (0.98093pt too wide) in paragraph at lines 557--557
[]|\OT1/cmss/m/n/9 2| 
 []


Overfull \hbox (8.77463pt too wide) in paragraph at lines 557--557
[]|\OT1/cmss/bx/n/9 Acc| 
 []


Overfull \hbox (10.14963pt too wide) in paragraph at lines 557--557
[]|\OT1/cmss/bx/n/9 RoF| 
 []


Overfull \hbox (5.47461pt too wide) in paragraph at lines 557--557
[]|\OT1/cmss/bx/n/9 ST| 
 []


Overfull \hbox (6.3996pt too wide) in paragraph at lines 557--557
[]|\OT1/cmss/bx/n/9 Rcl| 
 []


Overfull \hbox (2.62448pt too wide) in paragraph at lines 557--557
[]|\OT1/cmss/m/n/9 20| 
 []


Overfull \hbox (10.70776pt too wide) in paragraph at lines 557--557
[]|\OT1/cmss/m/n/9 20M| 
 []


Overfull \hbox (7.24945pt too wide) in paragraph at lines 557--557
[]|\OT1/cmss/m/n/9 100| 
 []


Overfull \hbox (10.70776pt too wide) in paragraph at lines 557--557
[]|\OT1/cmss/m/n/9 20M| 
 []

[94]
Overfull \vbox (9.59076pt too high) has occurred while \output is active []


Overfull \vbox (9.59076pt too high) has occurred while \output is active []

 [95]
Overfull \hbox (4.7833pt too wide) in paragraph at lines 642--642
[]|\OT1/cmss/bx/n/9 Acc| 
 []


Overfull \hbox (6.1583pt too wide) in paragraph at lines 642--642
[]|\OT1/cmss/bx/n/9 RoF| 
 []


Overfull \hbox (1.48328pt too wide) in paragraph at lines 642--642
[]|\OT1/cmss/bx/n/9 ST| 
 []


Overfull \hbox (2.40826pt too wide) in paragraph at lines 642--642
[]|\OT1/cmss/bx/n/9 Rcl| 
 []


Overfull \hbox (2.74324pt too wide) in paragraph at lines 642--642
[]|\OT1/cmss/m/n/9 10\TS1/cmss/m/n/9 „| 
 []

[96]
Underfull \hbox (badness 10000) in paragraph at lines 707--709

 []

[97]) [98]
Chapter 22.
(./Parts/weaponry/firearm_accesories.tex
Underfull \hbox (badness 10000) in paragraph at lines 18--20

 []

[99

]
Underfull \hbox (badness 10000) in paragraph at lines 71--73

 []

[100] [101]) [102]
Chapter 23.
(./Parts/weaponry/warheads_ammunition.tex
Underfull \hbox (badness 10000) in paragraph at lines 16--16
[][]\OT1/cmss/bx/it/12 Armor-Pierc-ing En-hanced Pen-e-tra-tor
 []

[103

] [104] [105]
Underfull \hbox (badness 10000) in alignment at lines 247--247
[][][] 
 []

[106] [107])
Overfull \vbox (25.20189pt too high) has occurred while \output is active []

 [108] [109]
Chapter 24.
(./Parts/weaponry/biochemical_nanotech.tex [110

] [111]) [112]
Chapter 25.
(./Parts/weaponry/melee_thrown_weapons.tex [113

] [114]) [115]
Chapter 26.
(./Parts/weaponry/combat_robots.tex
Underfull \hbox (badness 10000) in paragraph at lines 9--10

 []


Underfull \hbox (badness 10000) in paragraph at lines 26--27

 []


Underfull \hbox (badness 10000) in paragraph at lines 45--46

 []


Underfull \hbox (badness 10000) in paragraph at lines 51--52

 []

[116

]
Underfull \hbox (badness 10000) in paragraph at lines 106--107

 []


Underfull \hbox (badness 10000) in paragraph at lines 122--123

 []


Underfull \hbox (badness 10000) in paragraph at lines 140--141

 []

[117]) [118] [119

]
Chapter 27.
(./Parts/defenses/body_armor_protective_gear.tex [120

] [121] [122] [123] [124]
Overfull \vbox (11.70183pt too high) has occurred while \output is active []


Overfull \vbox (2.5907pt too high) has occurred while \output is active []

 [125] [126]) [127]
Chapter 28.
(./Parts/defenses/powered_suits.tex [128

] [129] [130]) [131]
Chapter 29.
(./Parts/defenses/defense_systems.tex [132

] [133])
Overfull \vbox (6.70187pt too high) has occurred while \output is active []

 [134]
Chapter 30.
[135

] [136

]
Chapter 31.
(./Parts/medical_biotech/biomedical_equipment.tex [137

] [138]
Underfull \hbox (badness 10000) in alignment at lines 132--132
[][][] 
 []

[139] [140] [141] [142] [143]) [144]
Chapter 32.
(./Parts/medical_biotech/cybernetcs_uploading.tex [145

] [146] [147] [148] [149]

LaTeX Warning: Reference `subsec:swarmbot_hive' on page 150 undefined on input line 361.

[150] [151] [152] [153] [154] [155]) [156] [157

]
Chapter 33.
(./Parts/psi-tech/mundane_tech_lab.tex [158

]) [159]
Chapter 34.
(./Parts/psi-tech/psychotronic_equipment.tex [160

] [161]
Package mdframed Info: You first box width is to small
 mdframed fixed it
(mdframed)              on input line 132.
 [162]
Underfull \hbox (badness 10000) in paragraph at lines 159--160

 []

[163]
Underfull \hbox (badness 10000) in paragraph at lines 162--164

 []

[164] [165] [166] [167] [168] [169] [170] [171]) [172]
Chapter 35.
(./Parts/psi-tech/bio-psi.tex [173

]) [174] [175] [176

]
Chapter 36.
(./Parts/vehicles/general_vehicles.tex [177

] [178] [179]
Underfull \hbox (badness 10000) in alignment at lines 197--197
[][][][][][][][][][][][] 
 []

[180]
Overfull \hbox (7.41304pt too wide) in paragraph at lines 246--246
[]|\OT1/cmss/bx/n/9 ST/HP| 
 []

[181]
Overfull \hbox (8.98647pt too wide) in paragraph at lines 286--286
[]|\OT1/cmss/bx/n/9 ST/HP| 
 []


Overfull \hbox (7.0499pt too wide) in paragraph at lines 323--323
[]|\OT1/cmss/bx/n/9 ST/HP| 
 []


Overfull \vbox (6.03517pt too high) has occurred while \output is active []


Overfull \vbox (6.03517pt too high) has occurred while \output is active []

 [182]
Overfull \hbox (8.4131pt too wide) in paragraph at lines 360--360
[]|\OT1/cmss/bx/n/9 ST/HP| 
 []

[183]
Overfull \hbox (25.47403pt too wide) in paragraph at lines 406--406
[]|\OT1/cmss/bx/n/9 ST/HP| 
 []


Overfull \hbox (4.1988pt too wide) in paragraph at lines 406--406
[]|\OT1/cmss/m/n/9 50| 
 []


Overfull \hbox (4.1988pt too wide) in paragraph at lines 406--406
[]|\OT1/cmss/m/n/9 50| 
 []


Overfull \hbox (4.1988pt too wide) in paragraph at lines 406--406
[]|\OT1/cmss/m/n/9 50| 
 []

[184]) [185] (./main.aux (./Parts/core_tech/computer.aux) (./Parts/core_tech/robots_total_cyborgs.aux) (./Parts/core_tech/machines_as_characters.aux))

LaTeX Font Warning: Some font shapes were not available, defaults substituted.


LaTeX Warning: There were undefined references.

 ) 
Here is how much of TeX's memory you used:
 28686 strings out of 476001
 541875 string characters out of 5793198
 1934068 words of memory out of 5000000
 47186 multiletter control sequences out of 15000+600000
 523549 words of font info for 68 fonts, out of 8000000 for 9000
 1141 hyphenation exceptions out of 8191
 104i,12n,102p,1286b,1226s stack positions out of 10000i,1000n,20000p,200000b,200000s
 <c:/Users/Zacha/.texlive2023/texmf-var/fonts/pk/ljfour/jknappen/ec/tcss0800.600pk> <c:/Users/Zacha/.texlive2023/texmf-var/fonts/pk/ljfour/public/cm/cmss8.600pk> <c:/Users/Zacha/.texlive2023/texmf-var/fonts/pk/ljfour/public/cm/cmssbx10.480pk> <c:/Users/Zacha/.texlive2023/texmf-var/fonts/pk/ljfour/public/cm/cmssi9.600pk> <c:/Users/Zacha/.texlive2023/texmf-var/fonts/pk/ljfour/jknappen/ec/tcss0900.600pk> <c:/Users/Zacha/.texlive2023/texmf-var/fonts/pk/ljfour/public/cm/cmss9.600pk> <c:/Users/Zacha/.texlive2023/texmf-var/fonts/pk/ljfour/public/cm/cmssbx10.540pk> <c:/texlive/2023/texmf-dist/fonts/pk/ljfour/public/cm/dpi600/cmmi10.pk> <c:/texlive/2023/texmf-dist/fonts/pk/ljfour/public/cm/dpi600/cmr7.pk> <c:/texlive/2023/texmf-dist/fonts/pk/ljfour/public/cm/dpi600/cmr10.pk> <c:/texlive/2023/texmf-dist/fonts/pk/ljfour/public/cm/dpi600/cmsy10.pk> <c:/Users/Zacha/.texlive2023/texmf-var/fonts/pk/ljfour/jknappen/ec/tcss1000.600pk> <c:/Users/Zacha/.texlive2023/texmf-var/fonts/pk/ljfour/public/cm/cmssbx10.864pk> <c:/Users/Zacha/.texlive2023/texmf-var/fonts/pk/ljfour/public/cm/cmssbx10.1244pk> <c:/Users/Zacha/.texlive2023/texmf-var/fonts/pk/ljfour/public/cm/cmssi10.600pk> <c:/Users/Zacha/.texlive2023/texmf-var/fonts/pk/ljfour/public/cm/cmss10.600pk> <c:/Users/Zacha/.texlive2023/texmf-var/fonts/pk/ljfour/public/cm/cmssbx10.600pk> <c:/Users/Zacha/.texlive2023/texmf-var/fonts/pk/ljfour/public/cm/cmssbx10.720pk> <c:/Users/Zacha/.texlive2023/texmf-var/fonts/pk/ljfour/public/cm/cmssbx10.1493pk> <c:/Users/Zacha/.texlive2023/texmf-var/fonts/pk/ljfour/public/cm/cmss12.600pk> <c:/Users/Zacha/.texlive2023/texmf-var/fonts/pk/ljfour/public/cm/cmss17.600pk>
Output written on main.pdf (186 pages, 1035393 bytes).
PDF statistics:
 4533 PDF objects out of 5155 (max. 8388607)
 3568 compressed objects within 36 object streams
 1404 named destinations out of 1440 (max. 500000)
 1573 words of extra memory for PDF output out of 10000 (max. 10000000)

